0 info it worked if it ends with ok
1 verbose cli [ '/usr/bin/node', '/usr/bin/npm', 'i', '-g', 'mongodb' ]
2 info using npm@1.4.28
3 info using node@v0.10.35
4 verbose node symlink /usr/bin/node
5 verbose cache add [ 'mongodb', null ]
6 verbose cache add name=undefined spec="mongodb" args=["mongodb",null]
7 verbose parsed url { protocol: null,
7 verbose parsed url   slashes: null,
7 verbose parsed url   auth: null,
7 verbose parsed url   host: null,
7 verbose parsed url   port: null,
7 verbose parsed url   hostname: null,
7 verbose parsed url   hash: null,
7 verbose parsed url   search: null,
7 verbose parsed url   query: null,
7 verbose parsed url   pathname: 'mongodb',
7 verbose parsed url   path: 'mongodb',
7 verbose parsed url   href: 'mongodb' }
8 silly lockFile 7f1c982e-mongodb mongodb
9 verbose lock mongodb /home/den/.npm/7f1c982e-mongodb.lock
10 silly lockFile 7f1c982e-mongodb mongodb
11 silly lockFile 7f1c982e-mongodb mongodb
12 verbose addNamed [ 'mongodb', '' ]
13 verbose addNamed [ null, '*' ]
14 silly lockFile 886df635-mongodb mongodb@
15 verbose lock mongodb@ /home/den/.npm/886df635-mongodb.lock
16 silly addNameRange { name: 'mongodb', range: '*', hasData: false }
17 verbose request where is /mongodb
18 verbose request registry https://registry.npmjs.org/
19 verbose request id a1e590a330afa744
20 verbose url raw /mongodb
21 verbose url resolving [ 'https://registry.npmjs.org/', './mongodb' ]
22 verbose url resolved https://registry.npmjs.org/mongodb
23 verbose request where is https://registry.npmjs.org/mongodb
24 info trying registry request attempt 1 at 23:54:48
25 http GET https://registry.npmjs.org/mongodb
26 http 200 https://registry.npmjs.org/mongodb
27 silly registry.get cb [ 200,
27 silly registry.get   { date: 'Wed, 14 Jan 2015 21:54:48 GMT',
27 silly registry.get     server: 'CouchDB/1.5.0 (Erlang OTP/R16B03)',
27 silly registry.get     etag: '"89VYM6BUWBJN7R9E8I3AISFQW"',
27 silly registry.get     'content-type': 'application/json',
27 silly registry.get     'cache-control': 'max-age=60',
27 silly registry.get     'content-length': '405845',
27 silly registry.get     'accept-ranges': 'bytes',
27 silly registry.get     via: '1.1 varnish',
27 silly registry.get     age: '11',
27 silly registry.get     'x-served-by': 'cache-fra1235-FRA',
27 silly registry.get     'x-cache': 'HIT',
27 silly registry.get     'x-cache-hits': '1',
27 silly registry.get     'x-timer': 'S1421272488.844566,VS0,VE1',
27 silly registry.get     vary: 'Accept',
27 silly registry.get     'keep-alive': 'timeout=10, max=50',
27 silly registry.get     connection: 'Keep-Alive' } ]
28 silly addNameRange number 2 { name: 'mongodb', range: '*', hasData: true }
29 silly addNameRange versions [ 'mongodb',
29 silly addNameRange   [ '0.9.4',
29 silly addNameRange     '0.9.4-4',
29 silly addNameRange     '0.9.3',
29 silly addNameRange     '0.9.1',
29 silly addNameRange     '0.9.2',
29 silly addNameRange     '0.9.6-7',
29 silly addNameRange     '0.9.6-8',
29 silly addNameRange     '0.9.6-9',
29 silly addNameRange     '0.9.6-10',
29 silly addNameRange     '0.9.6-11',
29 silly addNameRange     '0.9.6-12',
29 silly addNameRange     '0.9.6-13',
29 silly addNameRange     '0.9.6-14',
29 silly addNameRange     '0.9.6-15',
29 silly addNameRange     '0.9.6-16',
29 silly addNameRange     '0.9.6-17',
29 silly addNameRange     '0.9.6-18',
29 silly addNameRange     '0.9.6-19',
29 silly addNameRange     '0.9.6-20',
29 silly addNameRange     '0.9.6-21',
29 silly addNameRange     '0.9.6-22',
29 silly addNameRange     '0.9.6-23',
29 silly addNameRange     '0.9.7',
29 silly addNameRange     '0.9.7-0',
29 silly addNameRange     '0.9.7-1',
29 silly addNameRange     '0.9.7-1.1',
29 silly addNameRange     '0.9.7-1.2',
29 silly addNameRange     '0.9.7-1.3',
29 silly addNameRange     '0.9.7-1.4',
29 silly addNameRange     '0.9.7-2',
29 silly addNameRange     '0.9.7-2-1',
29 silly addNameRange     '0.9.7-2-2',
29 silly addNameRange     '0.9.7-2-3',
29 silly addNameRange     '0.9.7-2-4',
29 silly addNameRange     '0.9.7-2-5',
29 silly addNameRange     '0.9.7-3',
29 silly addNameRange     '0.9.7-3-1',
29 silly addNameRange     '0.9.7-3-2',
29 silly addNameRange     '0.9.7-3-3',
29 silly addNameRange     '0.9.7-3-4',
29 silly addNameRange     '0.9.7-3-5',
29 silly addNameRange     '0.9.8',
29 silly addNameRange     '0.9.8-1',
29 silly addNameRange     '0.9.8-2',
29 silly addNameRange     '0.9.8-3',
29 silly addNameRange     '0.9.8-4',
29 silly addNameRange     '0.9.8-5',
29 silly addNameRange     '0.9.8-6',
29 silly addNameRange     '0.9.8-7',
29 silly addNameRange     '0.9.9',
29 silly addNameRange     '0.9.9-1',
29 silly addNameRange     '0.9.9-2',
29 silly addNameRange     '0.9.9-3',
29 silly addNameRange     '0.9.9-4',
29 silly addNameRange     '0.9.9-5',
29 silly addNameRange     '0.9.9-6',
29 silly addNameRange     '0.9.9-7',
29 silly addNameRange     '0.9.9-8',
29 silly addNameRange     '1.0.0',
29 silly addNameRange     '1.0.1',
29 silly addNameRange     '1.0.2',
29 silly addNameRange     '1.1.0-beta',
29 silly addNameRange     '1.1.0',
29 silly addNameRange     '1.1.1',
29 silly addNameRange     '1.1.2',
29 silly addNameRange     '1.1.3',
29 silly addNameRange     '1.1.4',
29 silly addNameRange     '1.1.5',
29 silly addNameRange     '1.1.6',
29 silly addNameRange     '1.1.7',
29 silly addNameRange     '1.1.8',
29 silly addNameRange     '1.1.9',
29 silly addNameRange     '1.1.10',
29 silly addNameRange     '1.1.11',
29 silly addNameRange     '1.2.0',
29 silly addNameRange     '1.2.1',
29 silly addNameRange     '1.2.2',
29 silly addNameRange     '1.2.3',
29 silly addNameRange     '1.2.4',
29 silly addNameRange     '1.2.5',
29 silly addNameRange     '1.2.6',
29 silly addNameRange     '1.2.7',
29 silly addNameRange     '1.2.8',
29 silly addNameRange     '1.2.9',
29 silly addNameRange     '1.2.10',
29 silly addNameRange     '1.2.11',
29 silly addNameRange     '1.2.12',
29 silly addNameRange     '1.2.13',
29 silly addNameRange     '1.2.14',
29 silly addNameRange     '1.3.0',
29 silly addNameRange     '1.3.1',
29 silly addNameRange     '1.3.2',
29 silly addNameRange     '1.3.3',
29 silly addNameRange     '1.3.4',
29 silly addNameRange     '1.3.5',
29 silly addNameRange     '1.3.6',
29 silly addNameRange     '1.3.7',
29 silly addNameRange     '1.3.8',
29 silly addNameRange     '1.3.9',
29 silly addNameRange     '1.3.10',
29 silly addNameRange     '1.3.11',
29 silly addNameRange     '1.3.12',
29 silly addNameRange     '1.3.14',
29 silly addNameRange     '1.3.15',
29 silly addNameRange     '1.3.17',
29 silly addNameRange     '1.3.18',
29 silly addNameRange     '1.3.19',
29 silly addNameRange     '1.4.0-rc2',
29 silly addNameRange     '1.3.20',
29 silly addNameRange     '1.4.0-rc3',
29 silly addNameRange     '1.3.21',
29 silly addNameRange     '1.3.22',
29 silly addNameRange     '1.3.23',
29 silly addNameRange     '1.4.0-rc4',
29 silly addNameRange     '1.4.0-rc5',
29 silly addNameRange     '1.4.0-rc6',
29 silly addNameRange     '1.4.0-rc7',
29 silly addNameRange     '1.4.0-rc8',
29 silly addNameRange     '1.4.0-rc9',
29 silly addNameRange     '1.4.0-rc10',
29 silly addNameRange     '1.4.0',
29 silly addNameRange     '1.4.1',
29 silly addNameRange     '1.4.2',
29 silly addNameRange     '1.4.3',
29 silly addNameRange     '1.4.4',
29 silly addNameRange     '1.4.5',
29 silly addNameRange     '1.4.6',
29 silly addNameRange     '1.4.7',
29 silly addNameRange     '1.4.8',
29 silly addNameRange     '1.4.9',
29 silly addNameRange     '1.4.10',
29 silly addNameRange     '2.0.0-alpha1',
29 silly addNameRange     '1.4.11',
29 silly addNameRange     '1.4.12',
29 silly addNameRange     '1.4.14',
29 silly addNameRange     '1.4.15',
29 silly addNameRange     '1.4.16',
29 silly addNameRange     '1.4.17',
29 silly addNameRange     '2.0.0-alpha2',
29 silly addNameRange     '1.4.18',
29 silly addNameRange     '2.0.0',
29 silly addNameRange     '2.0.1',
29 silly addNameRange     '2.0.2',
29 silly addNameRange     '1.4.19',
29 silly addNameRange     '2.0.3',
29 silly addNameRange     '2.0.4',
29 silly addNameRange     '2.0.5',
29 silly addNameRange     '2.0.6',
29 silly addNameRange     '1.4.20',
29 silly addNameRange     '1.4.22',
29 silly addNameRange     '2.0.7',
29 silly addNameRange     '2.0.8',
29 silly addNameRange     '2.0.9',
29 silly addNameRange     '1.4.23',
29 silly addNameRange     '2.0.10',
29 silly addNameRange     '1.4.24',
29 silly addNameRange     '2.0.11',
29 silly addNameRange     '1.4.25',
29 silly addNameRange     '2.0.12',
29 silly addNameRange     '1.4.26',
29 silly addNameRange     '1.4.27',
29 silly addNameRange     '1.4.28',
29 silly addNameRange     '2.0.13' ] ]
30 verbose addNamed [ 'mongodb', '1.4.28' ]
31 verbose addNamed [ '1.4.28', '1.4.28' ]
32 silly lockFile 75809de0-mongodb-1-4-28 mongodb@1.4.28
33 verbose lock mongodb@1.4.28 /home/den/.npm/75809de0-mongodb-1-4-28.lock
34 silly lockFile 0c5f99c9-s-org-mongodb-mongodb-1-4-28-tgz https://registry.npmjs.org/mongodb/-/mongodb-1.4.28.tgz
35 verbose lock https://registry.npmjs.org/mongodb/-/mongodb-1.4.28.tgz /home/den/.npm/0c5f99c9-s-org-mongodb-mongodb-1-4-28-tgz.lock
36 verbose addRemoteTarball [ 'https://registry.npmjs.org/mongodb/-/mongodb-1.4.28.tgz',
36 verbose addRemoteTarball   '4308333aa9b369cc8214a67602527d138bf74e1f' ]
37 info retry fetch attempt 1 at 23:54:49
38 verbose fetch to= /tmp/npm-14413-pO_1Q78s/registry.npmjs.org/mongodb/-/mongodb-1.4.28.tgz
39 http GET https://registry.npmjs.org/mongodb/-/mongodb-1.4.28.tgz
40 http 200 https://registry.npmjs.org/mongodb/-/mongodb-1.4.28.tgz
41 silly lockFile 0c5f99c9-s-org-mongodb-mongodb-1-4-28-tgz https://registry.npmjs.org/mongodb/-/mongodb-1.4.28.tgz
42 silly lockFile 0c5f99c9-s-org-mongodb-mongodb-1-4-28-tgz https://registry.npmjs.org/mongodb/-/mongodb-1.4.28.tgz
43 silly lockFile 75809de0-mongodb-1-4-28 mongodb@1.4.28
44 silly lockFile 75809de0-mongodb-1-4-28 mongodb@1.4.28
45 silly lockFile 886df635-mongodb mongodb@
46 silly lockFile 886df635-mongodb mongodb@
47 silly resolved [ { name: 'mongodb',
47 silly resolved     description: 'A node.js driver for MongoDB',
47 silly resolved     keywords: [ 'mongodb', 'mongo', 'driver', 'db' ],
47 silly resolved     version: '1.4.28',
47 silly resolved     author: { name: 'Christian Amor Kvalheim', email: 'christkv@gmail.com' },
47 silly resolved     contributors:
47 silly resolved      [ [Object],
47 silly resolved        [Object],
47 silly resolved        [Object],
47 silly resolved        [Object],
47 silly resolved        [Object],
47 silly resolved        [Object],
47 silly resolved        [Object],
47 silly resolved        [Object],
47 silly resolved        [Object],
47 silly resolved        [Object],
47 silly resolved        [Object],
47 silly resolved        [Object],
47 silly resolved        [Object],
47 silly resolved        [Object],
47 silly resolved        [Object],
47 silly resolved        [Object],
47 silly resolved        [Object],
47 silly resolved        [Object],
47 silly resolved        [Object],
47 silly resolved        [Object],
47 silly resolved        [Object],
47 silly resolved        [Object],
47 silly resolved        [Object],
47 silly resolved        [Object],
47 silly resolved        [Object],
47 silly resolved        [Object],
47 silly resolved        [Object],
47 silly resolved        [Object],
47 silly resolved        [Object],
47 silly resolved        [Object],
47 silly resolved        [Object],
47 silly resolved        [Object],
47 silly resolved        [Object],
47 silly resolved        [Object],
47 silly resolved        [Object],
47 silly resolved        [Object],
47 silly resolved        [Object],
47 silly resolved        [Object],
47 silly resolved        [Object],
47 silly resolved        [Object],
47 silly resolved        [Object],
47 silly resolved        [Object],
47 silly resolved        [Object],
47 silly resolved        [Object],
47 silly resolved        [Object],
47 silly resolved        [Object],
47 silly resolved        [Object],
47 silly resolved        [Object],
47 silly resolved        [Object],
47 silly resolved        [Object],
47 silly resolved        [Object],
47 silly resolved        [Object],
47 silly resolved        [Object],
47 silly resolved        [Object] ],
47 silly resolved     repository:
47 silly resolved      { type: 'git',
47 silly resolved        url: 'http://github.com/mongodb/node-mongodb-native.git' },
47 silly resolved     bugs: { url: 'http://github.com/mongodb/node-mongodb-native/issues' },
47 silly resolved     dependencies: { bson: '~0.2', kerberos: '0.0.7', 'readable-stream': 'latest' },
47 silly resolved     devDependencies:
47 silly resolved      { dox: '0.4.4',
47 silly resolved        'uglify-js': '1.2.5',
47 silly resolved        ejs: '0.6.1',
47 silly resolved        request: '2.12.0',
47 silly resolved        nodeunit: '0.7.3',
47 silly resolved        markdown: '0.3.1',
47 silly resolved        gleak: '0.5.0',
47 silly resolved        step: '0.0.5',
47 silly resolved        async: '0.1.22',
47 silly resolved        integra: '0.1.8',
47 silly resolved        optimist: 'latest',
47 silly resolved        rimraf: '2.2.6',
47 silly resolved        semver: '4.1.0',
47 silly resolved        'mongodb-core': '1.1.7',
47 silly resolved        'mongodb-version-manager': '0.5.0' },
47 silly resolved     optionalDependencies: { kerberos: '0.0.7', 'readable-stream': 'latest' },
47 silly resolved     config: { native: false },
47 silly resolved     main: './lib/mongodb/index',
47 silly resolved     homepage: 'http://mongodb.github.com/node-mongodb-native/',
47 silly resolved     directories: { lib: './lib/mongodb' },
47 silly resolved     engines: { node: '>=0.6.19' },
47 silly resolved     scripts: { test: 'node test/runner.js -t functional' },
47 silly resolved     licenses: [ [Object] ],
47 silly resolved     _id: 'mongodb@1.4.28',
47 silly resolved     dist:
47 silly resolved      { shasum: '4308333aa9b369cc8214a67602527d138bf74e1f',
47 silly resolved        tarball: 'http://registry.npmjs.org/mongodb/-/mongodb-1.4.28.tgz' },
47 silly resolved     _from: 'mongodb@',
47 silly resolved     _npmVersion: '1.4.3',
47 silly resolved     _npmUser: { name: 'christkv', email: 'christkv@gmail.com' },
47 silly resolved     maintainers: [ [Object] ],
47 silly resolved     _shasum: '4308333aa9b369cc8214a67602527d138bf74e1f',
47 silly resolved     _resolved: 'https://registry.npmjs.org/mongodb/-/mongodb-1.4.28.tgz' } ]
48 info install mongodb@1.4.28 into /usr/lib
49 info installOne mongodb@1.4.28
50 verbose lib/node_modules/mongodb unbuild
51 verbose tar unpack /home/den/.npm/mongodb/1.4.28/package.tgz
52 silly lockFile d9c59bfd-tar-usr-lib-node-modules-mongodb tar:///usr/lib/node_modules/mongodb
53 verbose lock tar:///usr/lib/node_modules/mongodb /home/den/.npm/d9c59bfd-tar-usr-lib-node-modules-mongodb.lock
54 silly lockFile b33b427c-n-npm-mongodb-1-4-28-package-tgz tar:///home/den/.npm/mongodb/1.4.28/package.tgz
55 verbose lock tar:///home/den/.npm/mongodb/1.4.28/package.tgz /home/den/.npm/b33b427c-n-npm-mongodb-1-4-28-package-tgz.lock
56 silly gunzTarPerm modes [ '775', '664' ]
57 error Error: EACCES, mkdir '/usr/lib/node_modules/mongodb'
57 error  { [Error: EACCES, mkdir '/usr/lib/node_modules/mongodb']
57 error   errno: 3,
57 error   code: 'EACCES',
57 error   path: '/usr/lib/node_modules/mongodb',
57 error   fstream_type: 'Directory',
57 error   fstream_path: '/usr/lib/node_modules/mongodb',
57 error   fstream_class: 'DirWriter',
57 error   fstream_stack:
57 error    [ '/usr/lib/node_modules/npm/node_modules/fstream/lib/dir-writer.js:36:23',
57 error      '/usr/lib/node_modules/npm/node_modules/mkdirp/index.js:46:53',
57 error      'Object.oncomplete (fs.js:108:15)' ] }
58 error Please try running this command again as root/Administrator.
59 error System Linux 3.13.0-44-generic
60 error command "/usr/bin/node" "/usr/bin/npm" "i" "-g" "mongodb"
61 error cwd /home/den/dev/ruby/rails/bkstr
62 error node -v v0.10.35
63 error npm -v 1.4.28
64 error path /usr/lib/node_modules/mongodb
65 error fstream_path /usr/lib/node_modules/mongodb
66 error fstream_type Directory
67 error fstream_class DirWriter
68 error code EACCES
69 error errno 3
70 error stack Error: EACCES, mkdir '/usr/lib/node_modules/mongodb'
71 error fstream_stack /usr/lib/node_modules/npm/node_modules/fstream/lib/dir-writer.js:36:23
71 error fstream_stack /usr/lib/node_modules/npm/node_modules/mkdirp/index.js:46:53
71 error fstream_stack Object.oncomplete (fs.js:108:15)
72 verbose exit [ 3, true ]
